  CREATE_STREAM @0.000 ns {NAME:clk10_rst5_seq T:TVM SCOPE:uvm_test_top.tb_soc.clk_rst_env.agent.sequencer STREAM:1}
BEGIN @0.000 ns {TXH:2 STREAM:1 NAME:clk10_rst5_seq TIME=0.000 ns  TYPE="Begin_No_Parent, Link" LABEL:"" DESC="Object ID: \clock_and_reset_pkg::clk10_rst5_seq @1 (@1453)
Sequencer ID: \clock_and_reset_pkg::clock_and_reset_sequencer @1 (@694)
Phase: run
"}
  CREATE_STREAM @0.000 ns {NAME:flag_wbxspi2_seq T:TVM SCOPE:uvm_test_top.tb_soc.mcseqr STREAM:3}
BEGIN @0.000 ns {TXH:4 STREAM:3 NAME:flag_wbxspi2_seq TIME=0.000 ns  TYPE="Begin_No_Parent, Link" LABEL:"" DESC="Object ID: \top::flag_wbxspi2_seq @1 (@1459)
Sequencer ID: \top::soc_mcsequencer @1 (@551)
Phase: run
"}
BEGIN @0.000 ns {TXH:5 STREAM:1 NAME:cr TIME=0.000 ns  TYPE="Begin_End, Link" LABEL:"" DESC="Object ID: \clock_and_reset_pkg::clock_and_reset_sequence @1 (@1479)
Sequencer ID: \clock_and_reset_pkg::clock_and_reset_sequencer @1 (@694)
Phase: N/A
"}
  LINK @0.000 ns {TXH1:2 TXH2:5 RELATION=child}
  CREATE_STREAM @0.000 ns {NAME:flag_wbxspi2_seq T:TVM SCOPE:uvm_test_top.tb_soc.wbenv.masters[0].sequencer STREAM:6}
BEGIN @0.000 ns {TXH:7 STREAM:6 NAME:wb_spi2_flag TIME=0.000 ns  TYPE="Begin_End, Link" LABEL:"" DESC="Object ID: \top::wb_flags_spi2_seq @1 (@1483)
Sequencer ID: \wb_pkg::wb_master_sequencer @1 (@1307)
Phase: N/A
"}
  LINK @0.000 ns {TXH1:4 TXH2:7 RELATION=child}
  CREATE_STREAM @0.000 ns {NAME:flag_wbxspi2_seq T:TVM SCOPE:uvm_test_top.tb_soc.spienv2.slave_agent.seqr STREAM:8}
BEGIN @0.000 ns {TXH:9 STREAM:8 NAME:spi_seq TIME=0.000 ns  TYPE="Begin_End, Link" LABEL:"" DESC="Object ID: \spi_pkg::spi_slave_response_seq @1 (@1488)
Sequencer ID: \spi_pkg::spi_slave_sequencer @2 (@1144)
Phase: N/A
"}
  LINK @0.000 ns {TXH1:4 TXH2:9 RELATION=child}
BEGIN @0.000 ns {TXH:10 STREAM:6 NAME:req TIME=0.000 ns  TYPE="Begin_End, Link" LABEL:"" DESC="Object ID: \wb_pkg::wb_transaction @1 (@1497)
Sequencer ID: \wb_pkg::wb_master_sequencer @1 (@1307)
"}
  LINK @0.000 ns {TXH1:7 TXH2:10 RELATION=child}
BEGIN @0.000 ns {TXH:11 STREAM:1 NAME:req TIME=0.000 ns  TYPE="Begin_End, Link" LABEL:"" DESC="Object ID: \clock_and_reset_pkg::clock_and_reset_sequence_item @1 (@1493)
Sequencer ID: \clock_and_reset_pkg::clock_and_reset_sequencer @1 (@694)
"}
  LINK @0.000 ns {TXH1:5 TXH2:11 RELATION=child}
  SET_ATTR @0.000 ns {TXH:11 NAME:clock_period VALUE:10   RADIX:UVM_HEX BITS=32}
  SET_ATTR @0.000 ns {TXH:11 NAME:reset_delay VALUE:50   RADIX:UVM_HEX BITS=32}
  SET_ATTR @0.000 ns {TXH:11 NAME:clock_cycles_to_count VALUE:0   RADIX:UVM_HEX BITS=32}
  SET_ATTR @0.000 ns {TXH:11 NAME:cycle_count_must_happen VALUE:0   RADIX:UVM_HEX BITS=1}
  SET_ATTR @0.000 ns {TXH:11 NAME:run_clock VALUE:1   RADIX:UVM_HEX BITS=1}
  SET_ATTR @0.000 ns {TXH:11 NAME:transaction_id VALUE:1   RADIX:UVM_DEC BITS=32}
END @0.000 ns {TXH:11 TIME=0.000 ns}
FREE @0.000 ns {TXH:11}
END @0.000 ns {TXH:5 TIME=0.000 ns}
FREE @0.000 ns {TXH:5}
  SET_ATTR @25.000 ns {TXH:10 NAME:op_type VALUE:8602543204856329317   RADIX:UVM_STRING BITS=64}
  SET_ATTR @25.000 ns {TXH:10 NAME:addr VALUE:536871552   RADIX:UVM_HEX BITS=32}
  SET_ATTR @25.000 ns {TXH:10 NAME:din VALUE:112   RADIX:UVM_HEX BITS=32}
  SET_ATTR @25.000 ns {TXH:10 NAME:dout VALUE:x   RADIX:UVM_HEX BITS=32}
  SET_ATTR @25.000 ns {TXH:10 NAME:rest_rf VALUE:0   RADIX:UVM_HEX BITS=1}
  SET_ATTR @25.000 ns {TXH:10 NAME:valid_sb VALUE:1   RADIX:UVM_HEX BITS=1}
  SET_ATTR @25.000 ns {TXH:10 NAME:transaction_id VALUE:1   RADIX:UVM_DEC BITS=32}
END @25.000 ns {TXH:10 TIME=0.000 ns}
FREE @25.000 ns {TXH:10}
BEGIN @25.000 ns {TXH:12 STREAM:6 NAME:req TIME=0.000 ns  TYPE="Begin_End, Link" LABEL:"" DESC="Object ID: \wb_pkg::wb_transaction @6 (@1646)
Sequencer ID: \wb_pkg::wb_master_sequencer @1 (@1307)
"}
  LINK @25.000 ns {TXH1:7 TXH2:12 RELATION=child}
  SET_ATTR @45.000 ns {TXH:12 NAME:op_type VALUE:8602543204856329317   RADIX:UVM_STRING BITS=64}
  SET_ATTR @45.000 ns {TXH:12 NAME:addr VALUE:536871568   RADIX:UVM_HEX BITS=32}
  SET_ATTR @45.000 ns {TXH:12 NAME:din VALUE:1   RADIX:UVM_HEX BITS=32}
  SET_ATTR @45.000 ns {TXH:12 NAME:dout VALUE:x   RADIX:UVM_HEX BITS=32}
  SET_ATTR @45.000 ns {TXH:12 NAME:rest_rf VALUE:0   RADIX:UVM_HEX BITS=1}
  SET_ATTR @45.000 ns {TXH:12 NAME:valid_sb VALUE:0   RADIX:UVM_HEX BITS=1}
  SET_ATTR @45.000 ns {TXH:12 NAME:transaction_id VALUE:2   RADIX:UVM_DEC BITS=32}
END @45.000 ns {TXH:12 TIME=0.000 ns}
FREE @45.000 ns {TXH:12}
BEGIN @45.000 ns {TXH:13 STREAM:6 NAME:req TIME=0.000 ns  TYPE="Begin_End, Link" LABEL:"" DESC="Object ID: \wb_pkg::wb_transaction @10 (@1665)
Sequencer ID: \wb_pkg::wb_master_sequencer @1 (@1307)
"}
  LINK @45.000 ns {TXH1:7 TXH2:13 RELATION=child}
  SET_ATTR @65.000 ns {TXH:13 NAME:op_type VALUE:8602543204856329317   RADIX:UVM_STRING BITS=64}
  SET_ATTR @65.000 ns {TXH:13 NAME:addr VALUE:536871560   RADIX:UVM_HEX BITS=32}
  SET_ATTR @65.000 ns {TXH:13 NAME:din VALUE:1   RADIX:UVM_HEX BITS=32}
  SET_ATTR @65.000 ns {TXH:13 NAME:dout VALUE:x   RADIX:UVM_HEX BITS=32}
  SET_ATTR @65.000 ns {TXH:13 NAME:rest_rf VALUE:0   RADIX:UVM_HEX BITS=1}
  SET_ATTR @65.000 ns {TXH:13 NAME:valid_sb VALUE:1   RADIX:UVM_HEX BITS=1}
  SET_ATTR @65.000 ns {TXH:13 NAME:transaction_id VALUE:3   RADIX:UVM_DEC BITS=32}
END @65.000 ns {TXH:13 TIME=0.000 ns}
FREE @65.000 ns {TXH:13}
BEGIN @65.000 ns {TXH:14 STREAM:6 NAME:req TIME=0.000 ns  TYPE="Begin_End, Link" LABEL:"" DESC="Object ID: \wb_pkg::wb_transaction @14 (@1684)
Sequencer ID: \wb_pkg::wb_master_sequencer @1 (@1307)
"}
  LINK @65.000 ns {TXH1:7 TXH2:14 RELATION=child}
  SET_ATTR @85.000 ns {TXH:14 NAME:op_type VALUE:8602543204856329317   RADIX:UVM_STRING BITS=64}
  SET_ATTR @85.000 ns {TXH:14 NAME:addr VALUE:536871560   RADIX:UVM_HEX BITS=32}
  SET_ATTR @85.000 ns {TXH:14 NAME:din VALUE:2   RADIX:UVM_HEX BITS=32}
  SET_ATTR @85.000 ns {TXH:14 NAME:dout VALUE:x   RADIX:UVM_HEX BITS=32}
  SET_ATTR @85.000 ns {TXH:14 NAME:rest_rf VALUE:0   RADIX:UVM_HEX BITS=1}
  SET_ATTR @85.000 ns {TXH:14 NAME:valid_sb VALUE:0   RADIX:UVM_HEX BITS=1}
  SET_ATTR @85.000 ns {TXH:14 NAME:transaction_id VALUE:4   RADIX:UVM_DEC BITS=32}
END @85.000 ns {TXH:14 TIME=0.000 ns}
FREE @85.000 ns {TXH:14}
BEGIN @85.000 ns {TXH:15 STREAM:6 NAME:req TIME=0.000 ns  TYPE="Begin_End, Link" LABEL:"" DESC="Object ID: \wb_pkg::wb_transaction @18 (@1703)
Sequencer ID: \wb_pkg::wb_master_sequencer @1 (@1307)
"}
  LINK @85.000 ns {TXH1:7 TXH2:15 RELATION=child}
  SET_ATTR @105.000 ns {TXH:15 NAME:op_type VALUE:8602543204856329317   RADIX:UVM_STRING BITS=64}
  SET_ATTR @105.000 ns {TXH:15 NAME:addr VALUE:536871560   RADIX:UVM_HEX BITS=32}
  SET_ATTR @105.000 ns {TXH:15 NAME:din VALUE:3   RADIX:UVM_HEX BITS=32}
  SET_ATTR @105.000 ns {TXH:15 NAME:dout VALUE:x   RADIX:UVM_HEX BITS=32}
  SET_ATTR @105.000 ns {TXH:15 NAME:rest_rf VALUE:0   RADIX:UVM_HEX BITS=1}
  SET_ATTR @105.000 ns {TXH:15 NAME:valid_sb VALUE:1   RADIX:UVM_HEX BITS=1}
  SET_ATTR @105.000 ns {TXH:15 NAME:transaction_id VALUE:5   RADIX:UVM_DEC BITS=32}
END @105.000 ns {TXH:15 TIME=0.000 ns}
FREE @105.000 ns {TXH:15}
BEGIN @105.000 ns {TXH:16 STREAM:6 NAME:req TIME=0.000 ns  TYPE="Begin_End, Link" LABEL:"" DESC="Object ID: \wb_pkg::wb_transaction @22 (@1722)
Sequencer ID: \wb_pkg::wb_master_sequencer @1 (@1307)
"}
  LINK @105.000 ns {TXH1:7 TXH2:16 RELATION=child}
  SET_ATTR @125.000 ns {TXH:16 NAME:op_type VALUE:8602543204856329317   RADIX:UVM_STRING BITS=64}
  SET_ATTR @125.000 ns {TXH:16 NAME:addr VALUE:536871560   RADIX:UVM_HEX BITS=32}
  SET_ATTR @125.000 ns {TXH:16 NAME:din VALUE:4   RADIX:UVM_HEX BITS=32}
  SET_ATTR @125.000 ns {TXH:16 NAME:dout VALUE:x   RADIX:UVM_HEX BITS=32}
  SET_ATTR @125.000 ns {TXH:16 NAME:rest_rf VALUE:0   RADIX:UVM_HEX BITS=1}
  SET_ATTR @125.000 ns {TXH:16 NAME:valid_sb VALUE:0   RADIX:UVM_HEX BITS=1}
  SET_ATTR @125.000 ns {TXH:16 NAME:transaction_id VALUE:6   RADIX:UVM_DEC BITS=32}
END @125.000 ns {TXH:16 TIME=0.000 ns}
FREE @125.000 ns {TXH:16}
BEGIN @125.000 ns {TXH:17 STREAM:6 NAME:req TIME=0.000 ns  TYPE="Begin_End, Link" LABEL:"" DESC="Object ID: \wb_pkg::wb_transaction @26 (@1741)
Sequencer ID: \wb_pkg::wb_master_sequencer @1 (@1307)
"}
  LINK @125.000 ns {TXH1:7 TXH2:17 RELATION=child}
  SET_ATTR @145.000 ns {TXH:17 NAME:op_type VALUE:8602543204856329317   RADIX:UVM_STRING BITS=64}
  SET_ATTR @145.000 ns {TXH:17 NAME:addr VALUE:536871560   RADIX:UVM_HEX BITS=32}
  SET_ATTR @145.000 ns {TXH:17 NAME:din VALUE:5   RADIX:UVM_HEX BITS=32}
  SET_ATTR @145.000 ns {TXH:17 NAME:dout VALUE:x   RADIX:UVM_HEX BITS=32}
  SET_ATTR @145.000 ns {TXH:17 NAME:rest_rf VALUE:0   RADIX:UVM_HEX BITS=1}
  SET_ATTR @145.000 ns {TXH:17 NAME:valid_sb VALUE:0   RADIX:UVM_HEX BITS=1}
  SET_ATTR @145.000 ns {TXH:17 NAME:transaction_id VALUE:7   RADIX:UVM_DEC BITS=32}
END @145.000 ns {TXH:17 TIME=0.000 ns}
FREE @145.000 ns {TXH:17}
BEGIN @225.000 ns {TXH:18 STREAM:6 NAME:req TIME=0.000 ns  TYPE="Begin_End, Link" LABEL:"" DESC="Object ID: \wb_pkg::wb_transaction @30 (@1760)
Sequencer ID: \wb_pkg::wb_master_sequencer @1 (@1307)
"}
  LINK @225.000 ns {TXH1:7 TXH2:18 RELATION=child}
  SET_ATTR @245.000 ns {TXH:18 NAME:op_type VALUE:8602543204856329317   RADIX:UVM_STRING BITS=64}
  SET_ATTR @245.000 ns {TXH:18 NAME:addr VALUE:536871568   RADIX:UVM_HEX BITS=32}
  SET_ATTR @245.000 ns {TXH:18 NAME:din VALUE:0   RADIX:UVM_HEX BITS=32}
  SET_ATTR @245.000 ns {TXH:18 NAME:dout VALUE:x   RADIX:UVM_HEX BITS=32}
  SET_ATTR @245.000 ns {TXH:18 NAME:rest_rf VALUE:0   RADIX:UVM_HEX BITS=1}
  SET_ATTR @245.000 ns {TXH:18 NAME:valid_sb VALUE:0   RADIX:UVM_HEX BITS=1}
  SET_ATTR @245.000 ns {TXH:18 NAME:transaction_id VALUE:8   RADIX:UVM_DEC BITS=32}
END @245.000 ns {TXH:18 TIME=0.000 ns}
FREE @245.000 ns {TXH:18}
BEGIN @245.000 ns {TXH:19 STREAM:6 NAME:req TIME=0.000 ns  TYPE="Begin_End, Link" LABEL:"" DESC="Object ID: \wb_pkg::wb_transaction @34 (@1779)
Sequencer ID: \wb_pkg::wb_master_sequencer @1 (@1307)
"}
  LINK @245.000 ns {TXH1:7 TXH2:19 RELATION=child}
  SET_ATTR @265.000 ns {TXH:19 NAME:op_type VALUE:33603684309229924   RADIX:UVM_STRING BITS=56}
  SET_ATTR @265.000 ns {TXH:19 NAME:addr VALUE:536871556   RADIX:UVM_HEX BITS=32}
  SET_ATTR @265.000 ns {TXH:19 NAME:din VALUE:942157651   RADIX:UVM_HEX BITS=32}
  SET_ATTR @265.000 ns {TXH:19 NAME:dout VALUE:136   RADIX:UVM_HEX BITS=32}
  SET_ATTR @265.000 ns {TXH:19 NAME:rest_rf VALUE:0   RADIX:UVM_HEX BITS=1}
  SET_ATTR @265.000 ns {TXH:19 NAME:valid_sb VALUE:0   RADIX:UVM_HEX BITS=1}
  SET_ATTR @265.000 ns {TXH:19 NAME:transaction_id VALUE:9   RADIX:UVM_DEC BITS=32}
END @265.000 ns {TXH:19 TIME=0.000 ns}
FREE @265.000 ns {TXH:19}
END @265.000 ns {TXH:7 TIME=0.000 ns}
FREE @265.000 ns {TXH:7}
END @300.000 ns {TXH:2 TIME=0.000 ns}
FREE @300.000 ns {TXH:2}
